<?xml version="1.0" encoding="UTF-8"?>
<!-- Generated by org.testng.reporters.JUnitXMLReporter -->
<testsuite hostname="KALYAN" ignored="0" name="Sprint(failed)" tests="1" failures="1" timestamp="25 Apr 2020 18:17:09 GMT" time="0.141" errors="0">
  <testcase name="testWordPress" time="0.032" classname="com.FailedTestCases.TestCase3">
    <failure type="java.lang.AssertionError" message="expected [true] but found [false]">
      <![CDATA[java.lang.AssertionError: expected [true] but found [false]
	at com.FailedTestCases.TestCase3.testWordPress(TestCase3.java:10)
... Removed 29 stack frames]]>
    </failure>
  </testcase> <!-- testWordPress -->
</testsuite> <!-- Sprint(failed) -->
